<?xml version="1.0" encoding="UTF-8"?>
<testsuite name="service.BranchServiceTest" tests="1" skipped="0" failures="0" errors="0" timestamp="2022-04-03T21:25:18" hostname="Rishabhs-MacBook-Pro.local" time="0.009">
  <properties/>
  <testcase name="testFindAvailableVehicles_InvalidSlot" classname="service.BranchServiceTest" time="0.009"/>
  <system-out><![CDATA[]]></system-out>
  <system-err><![CDATA[]]></system-err>
</testsuite>
